SKETCH version 1.7.6
Benchmark = _stateful_fw_out/comp_1_stateful.sk
/* BEGIN PACKAGE ANONYMOUS*/
/*comp_1_..ateful.sk:138*/

void comp_1 (bit p_br_tmp0, int established_0, ref int _out0)/*comp_1_..ateful.sk:138*/
{
  int p_established_p_array_index1_2 = (p_br_tmp0 ? 1 : established_0);
  _out0 = p_established_p_array_index1_2;
  return;
}
/*comp_1_..ateful.sk:131*/

void salu (int state_0_0, int pkt_0, int pkt_1, ref int _out0)/*comp_1_..ateful.sk:131*/
{
  int state_0 = state_0_0;
  if(0 < pkt_0)/*comp_1_..ateful.sk:133*/
  {
    state_0 = 1;
  }
  _out0 = state_0;
  return;
}
/*comp_1_..ateful.sk:149*/

void sketch (bit p_br_tmp0, int established)/*comp_1_..ateful.sk:149*/
{
  int impl_s1 = 0;
  salu(established, p_br_tmp0, 0, impl_s1);
  int spec_s3 = 0;
  comp_1(p_br_tmp0, established, spec_s3);
  assert (impl_s1 == spec_s3); //Assert at comp_1_..ateful.sk:152 (2)
}
/*comp_1_..ateful.sk:149*/

void sketch__Wrapper (bit p_br_tmp0, int established)  implements sketch__WrapperNospec/*comp_1_..ateful.sk:149*/
{
  sketch(p_br_tmp0, established);
}
/*comp_1_..ateful.sk:149*/

void sketch__WrapperNospec (bit p_br_tmp0, int established)/*comp_1_..ateful.sk:149*/
{ }
/* END PACKAGE ANONYMOUS*/
[SKETCH] DONE
Total time = 196
