SKETCH version 1.7.6
Benchmark = _marple_tcp_nmo_domino_out/comp_1_stateful.sk
/* BEGIN PACKAGE ANONYMOUS*/
/*comp_1_..ateful.sk:138*/

void comp_1 (bit p_br_tmp0, int count_0, ref int _out0)/*comp_1_..ateful.sk:138*/
{
  int p_count2 = (p_br_tmp0 ? count_0 + 1 : count_0);
  _out0 = p_count2;
  return;
}
/*comp_1_..ateful.sk:131*/

void salu (int state_0_0, int pkt_0, int pkt_1, ref int _out0)/*comp_1_..ateful.sk:131*/
{
  int state_0 = state_0_0;
  state_0 = state_0_0 + pkt_0;
  _out0 = state_0;
  return;
}
/*comp_1_..ateful.sk:151*/

void sketch (bit p_br_tmp0, int count)/*comp_1_..ateful.sk:151*/
{
  int impl_s1 = 0;
  salu(count, p_br_tmp0, 0, impl_s1);
  int spec_s3 = 0;
  comp_1(p_br_tmp0, count, spec_s3);
  assert (impl_s1 == spec_s3); //Assert at comp_1_..ateful.sk:154 (2)
}
/*comp_1_..ateful.sk:151*/

void sketch__Wrapper (bit p_br_tmp0, int count)  implements sketch__WrapperNospec/*comp_1_..ateful.sk:151*/
{
  sketch(p_br_tmp0, count);
}
/*comp_1_..ateful.sk:151*/

void sketch__WrapperNospec (bit p_br_tmp0, int count)/*comp_1_..ateful.sk:151*/
{ }
/* END PACKAGE ANONYMOUS*/
[SKETCH] DONE
Total time = 226
