SKETCH version 1.7.6
Benchmark = _marple_tcp_nmo_domino_out/try_merge_comp_0_stateful.sk
/* BEGIN PACKAGE ANONYMOUS*/
/*try_mer..ateful.sk:138*/

void comp_0 (int maxseq_0, int p_tcpseq0, ref int _out0)/*try_mer..ateful.sk:138*/
{
  int p_maxseq2 = (!(p_tcpseq0 < maxseq_0) ? p_tcpseq0 : maxseq_0);
  _out0 = p_maxseq2;
  return;
}
/*try_mer..ateful.sk:131*/

void salu (int state_0_0, int pkt_0, int pkt_1, ref int _out0)/*try_mer..ateful.sk:131*/
{
  int state_0 = state_0_0;
  if(state_0_0 < pkt_0)/*try_mer..ateful.sk:133*/
  {
    state_0 = pkt_0;
  }
  _out0 = state_0;
  return;
}
/*try_mer..ateful.sk:153*/

void sketch (int maxseq, int p_tcpseq0)/*try_mer..ateful.sk:153*/
{
  int impl_s1 = 0;
  salu(maxseq, p_tcpseq0, 0, impl_s1);
  int spec_s3 = 0;
  comp_0(maxseq, p_tcpseq0, spec_s3);
  assert (impl_s1 == spec_s3); //Assert at try_mer..ateful.sk:156 (2)
}
/*try_mer..ateful.sk:153*/

void sketch__Wrapper (int maxseq, int p_tcpseq0)  implements sketch__WrapperNospec/*try_mer..ateful.sk:153*/
{
  sketch(maxseq, p_tcpseq0);
}
/*try_mer..ateful.sk:153*/

void sketch__WrapperNospec (int maxseq, int p_tcpseq0)/*try_mer..ateful.sk:153*/
{ }
/* END PACKAGE ANONYMOUS*/
[SKETCH] DONE
Total time = 290
