SKETCH version 1.7.6
Benchmark = _learn_filter_out/comp_2_stateful.sk
/* BEGIN PACKAGE ANONYMOUS*/
/*comp_2_..ateful.sk:138*/

void comp_2 (int state_group_0_state_0_0, ref int _out0)/*comp_2_..ateful.sk:138*/
{
  _out0 = 1;
  return;
}
/*comp_2_..ateful.sk:131*/

void salu (int state_0_0, int pkt_0, int pkt_1, ref int _out0)/*comp_2_..ateful.sk:131*/
{
  _out0 = 1;
  return;
}
/*comp_2_..ateful.sk:147*/

void sketch (int state_group_0_state_0)/*comp_2_..ateful.sk:147*/
{
  int impl_s1 = 0;
  salu(state_group_0_state_0, 0, 0, impl_s1);
  int spec_s3 = 0;
  comp_2(state_group_0_state_0, spec_s3);
  assert (impl_s1 == spec_s3); //Assert at comp_2_..ateful.sk:150 (2)
}
/*comp_2_..ateful.sk:147*/

void sketch__Wrapper (int state_group_0_state_0)  implements sketch__WrapperNospec/*comp_2_..ateful.sk:147*/
{
  sketch(state_group_0_state_0);
}
/*comp_2_..ateful.sk:147*/

void sketch__WrapperNospec (int state_group_0_state_0)/*comp_2_..ateful.sk:147*/
{ }
/* END PACKAGE ANONYMOUS*/
[SKETCH] DONE
Total time = 275
