SKETCH version 1.7.6
Benchmark = _flowlets_out/comp_0_stateful.sk
/* BEGIN PACKAGE ANONYMOUS*/
/*comp_0_..ateful.sk:145*/

void comp_0 (bit pkt_br_tmp0, int saved_hop_0, int pkt_new_hop0, ref int[2] _out0)/*comp_0_..ateful.sk:145*/
{
  _out0 = ((int[2])0);
  int pkt_saved_hop_pkt_id0_2 = (pkt_br_tmp0 ? pkt_new_hop0 : saved_hop_0);
  _out0[0] = pkt_saved_hop_pkt_id0_2;
  _out0[1] = pkt_saved_hop_pkt_id0_2;
  return;
}
/*comp_0_..ateful.sk:131*/

void salu (int state_0_0, int pkt_0, int pkt_1, ref int[2] _out0)/*comp_0_..ateful.sk:131*/
{
  _out0 = ((int[2])0);
  int state_0 = state_0_0;
  if(0 == pkt_0)/*comp_0_..ateful.sk:133*/
  {
    state_0 = state_0_0;
  }
  else
  {
    state_0 = pkt_1;
  }
  _out0[0] = state_0;
  _out0[1] = state_0;
  return;
}
/*comp_0_..ateful.sk:157*/

void sketch (bit pkt_br_tmp0, int saved_hop, int pkt_new_hop0)/*comp_0_..ateful.sk:157*/
{
  int[2] impl_s1 = {0,0};
  salu(saved_hop, pkt_br_tmp0, pkt_new_hop0, impl_s1);
  int[2] spec_s3 = {0,0};
  comp_0(pkt_br_tmp0, saved_hop, pkt_new_hop0, spec_s3);
  assert ((impl_s1[0]) == (spec_s3[0])); //Assert at comp_0_..ateful.sk:160 (1)
  assert ((impl_s1[1]) == (spec_s3[1])); //Assert at comp_0_..ateful.sk:161 (1)
}
/*comp_0_..ateful.sk:157*/

void sketch__Wrapper (bit pkt_br_tmp0, int saved_hop, int pkt_new_hop0)  implements sketch__WrapperNospec/*comp_0_..ateful.sk:157*/
{
  sketch(pkt_br_tmp0, saved_hop, pkt_new_hop0);
}
/*comp_0_..ateful.sk:157*/

void sketch__WrapperNospec (bit pkt_br_tmp0, int saved_hop, int pkt_new_hop0)/*comp_0_..ateful.sk:157*/
{ }
/* END PACKAGE ANONYMOUS*/
[SKETCH] DONE
Total time = 250
