SKETCH version 1.7.6
Benchmark = _flowlets_out/comp_1_stateful.sk
/* BEGIN PACKAGE ANONYMOUS*/
/*comp_1_..ateful.sk:145*/

void comp_1 (int pkt_arrival0, int last_time_0, ref int[2] _out0)/*comp_1_..ateful.sk:145*/
{
  _out0 = ((int[2])0);
  _out0[0] = pkt_arrival0;
  _out0[1] = last_time_0;
  return;
}
/*comp_1_..ateful.sk:131*/

void salu (int state_0_0, int pkt_0, int pkt_1, ref int[2] _out0)/*comp_1_..ateful.sk:131*/
{
  _out0 = ((int[2])0);
  int state_0 = state_0_0;
  if(0 < pkt_0)/*comp_1_..ateful.sk:133*/
  {
    state_0 = pkt_0;
  }
  else
  {
    state_0 = pkt_1;
  }
  _out0[0] = state_0;
  _out0[1] = state_0_0;
  return;
}
/*comp_1_..ateful.sk:155*/

void sketch (int pkt_arrival0, int last_time)/*comp_1_..ateful.sk:155*/
{
  int[2] impl_s1 = {0,0};
  salu(last_time, pkt_arrival0, 0, impl_s1);
  int[2] spec_s3 = {0,0};
  comp_1(pkt_arrival0, last_time, spec_s3);
  assert ((impl_s1[0]) == (spec_s3[0])); //Assert at comp_1_..ateful.sk:158 (1)
  assert ((impl_s1[1]) == (spec_s3[1])); //Assert at comp_1_..ateful.sk:159 (1)
}
/*comp_1_..ateful.sk:155*/

void sketch__Wrapper (int pkt_arrival0, int last_time)  implements sketch__WrapperNospec/*comp_1_..ateful.sk:155*/
{
  sketch(pkt_arrival0, last_time);
}
/*comp_1_..ateful.sk:155*/

void sketch__WrapperNospec (int pkt_arrival0, int last_time)/*comp_1_..ateful.sk:155*/
{ }
/* END PACKAGE ANONYMOUS*/
[SKETCH] DONE
Total time = 270
